0 info it worked if it ends with ok
1 verbose cli [ '/usr/bin/node', '/usr/bin/npm', 'cache', 'clean' ]
2 info using npm@5.6.0
3 info using node@v9.11.2
4 verbose npm-session 061bb92c410aada5
5 verbose stack Error: As of npm@5, the npm cache self-heals from corruption issues and data extracted from the cache is guaranteed to be valid. If you want to make sure everything is consistent, use 'npm cache verify' instead.
5 verbose stack
5 verbose stack If you're sure you want to delete the entire cache, rerun this command with --force.
5 verbose stack     at clean (/usr/lib/node_modules/npm/lib/cache.js:71:22)
5 verbose stack     at EventEmitter.cache (/usr/lib/node_modules/npm/lib/cache.js:46:16)
5 verbose stack     at Object.commandCache.(anonymous function) (/usr/lib/node_modules/npm/lib/npm.js:159:13)
5 verbose stack     at EventEmitter.<anonymous> (/usr/lib/node_modules/npm/bin/npm-cli.js:84:30)
5 verbose stack     at process._tickCallback (internal/process/next_tick.js:176:11)
6 verbose cwd /home/doghoney/server_side_javascript
7 verbose Linux 4.13.0-46-generic
8 verbose argv "/usr/bin/node" "/usr/bin/npm" "cache" "clean"
9 verbose node v9.11.2
10 verbose npm  v5.6.0
11 error As of npm@5, the npm cache self-heals from corruption issues and data extracted from the cache is guaranteed to be valid. If you want to make sure everything is consistent, use 'npm cache verify' instead.
11 error
11 error If you're sure you want to delete the entire cache, rerun this command with --force.
12 verbose exit [ 1, true ]
