0 info it worked if it ends with ok
1 verbose cli [ '/usr/bin/node', '/usr/bin/npm', 'install', 'body-parser' ]
2 info using npm@5.6.0
3 info using node@v9.11.2
4 verbose config Skipping project config: /home/doghoney/.npmrc. (matches userconfig)
5 verbose npm-session b74f72acb43f62c8
6 silly install loadCurrentTree
7 silly install readLocalPackageData
8 http fetch GET 304 https://registry.npmjs.org/body-parser 130ms (from cache)
9 silly pacote tag manifest for body-parser@latest fetched in 160ms
10 silly install loadIdealTree
11 silly install cloneCurrentTreeToIdealTree
12 silly install loadShrinkwrap
13 silly install loadAllDepsIntoIdealTree
14 silly resolveWithNewModule body-parser@1.18.3 checking installable status
15 http fetch GET 304 https://registry.npmjs.org/iconv-lite 36ms (from cache)
16 silly pacote version manifest for iconv-lite@0.4.23 fetched in 40ms
17 silly resolveWithNewModule iconv-lite@0.4.23 checking installable status
18 http fetch GET 304 https://registry.npmjs.org/raw-body 46ms (from cache)
19 silly pacote version manifest for raw-body@2.3.3 fetched in 50ms
20 silly resolveWithNewModule raw-body@2.3.3 checking installable status
21 http fetch GET 304 https://registry.npmjs.org/qs 112ms (from cache)
22 silly pacote version manifest for qs@6.5.2 fetched in 116ms
23 silly resolveWithNewModule qs@6.5.2 checking installable status
24 http fetch GET 200 https://registry.npmjs.org/safer-buffer 29ms
25 silly pacote range manifest for safer-buffer@>= 2.1.2 < 3 fetched in 33ms
26 silly resolveWithNewModule safer-buffer@2.1.2 checking installable status
27 silly pacote version manifest for body-parser@1.18.2 fetched in 2ms
28 silly resolveWithNewModule body-parser@1.18.2 checking installable status
29 silly currentTree doghoney
29 silly currentTree ├── accepts@1.3.5
29 silly currentTree ├── acorn-globals@1.0.9
29 silly currentTree ├── acorn@2.7.0
29 silly currentTree ├── align-text@0.1.4
29 silly currentTree ├── amdefine@1.0.1
29 silly currentTree ├── array-flatten@1.1.1
29 silly currentTree ├── asap@1.0.0
29 silly currentTree ├── better-js-class@0.1.3
29 silly currentTree ├── bignumber.js@4.1.0
29 silly currentTree ├── body-parser@1.18.2
29 silly currentTree ├── bytes@3.0.0
29 silly currentTree ├── camelcase@1.2.1
29 silly currentTree ├── center-align@0.1.3
29 silly currentTree ├── character-parser@1.2.1
29 silly currentTree ├─┬ clean-css@3.4.28
29 silly currentTree │ └── commander@2.8.1
29 silly currentTree ├─┬ cliui@2.1.0
29 silly currentTree │ └── wordwrap@0.0.2
29 silly currentTree ├── commander@2.6.0
29 silly currentTree ├── constantinople@3.0.2
29 silly currentTree ├── content-disposition@0.5.2
29 silly currentTree ├── content-type@1.0.4
29 silly currentTree ├── cookie-signature@1.0.6
29 silly currentTree ├── cookie@0.3.1
29 silly currentTree ├── core-util-is@1.0.2
29 silly currentTree ├── cps@1.0.2
29 silly currentTree ├── css-parse@1.0.4
29 silly currentTree ├── css-stringify@1.0.5
29 silly currentTree ├── css@1.0.8
29 silly currentTree ├── debug@2.6.9
29 silly currentTree ├── decamelize@1.2.0
29 silly currentTree ├── depd@1.1.2
29 silly currentTree ├── destroy@1.0.4
29 silly currentTree ├── ee-first@1.1.1
29 silly currentTree ├── encodeurl@1.0.2
29 silly currentTree ├── escape-html@1.0.3
29 silly currentTree ├── etag@1.8.1
29 silly currentTree ├─┬ express@4.16.3
29 silly currentTree │ └── safe-buffer@5.1.1
29 silly currentTree ├── finalhandler@1.1.1
29 silly currentTree ├── forwarded@0.1.2
29 silly currentTree ├── fresh@0.5.2
29 silly currentTree ├── graceful-readlink@1.0.1
29 silly currentTree ├── http-errors@1.6.3
29 silly currentTree ├─┬ httpntlm@1.6.1
29 silly currentTree │ └── underscore@1.7.0
29 silly currentTree ├── httpreq@0.4.24
29 silly currentTree ├── iconv-lite@0.4.19
29 silly currentTree ├── inherits@2.0.3
29 silly currentTree ├── ipaddr.js@1.6.0
29 silly currentTree ├── is-buffer@1.1.6
29 silly currentTree ├── is-promise@2.1.0
29 silly currentTree ├── isarray@1.0.0
29 silly currentTree ├── jade@1.11.0
29 silly currentTree ├── jstransformer@0.0.2
29 silly currentTree ├── kind-of@3.2.2
29 silly currentTree ├── lazy-cache@1.0.4
29 silly currentTree ├── longest@1.0.1
29 silly currentTree ├── media-typer@0.3.0
29 silly currentTree ├── merge-descriptors@1.0.1
29 silly currentTree ├── methods@1.1.2
29 silly currentTree ├── mime-db@1.35.0
29 silly currentTree ├── mime-types@2.1.19
29 silly currentTree ├── mime@1.4.1
29 silly currentTree ├── minimist@0.0.8
29 silly currentTree ├── mkdirp@0.5.1
29 silly currentTree ├── ms@2.0.0
29 silly currentTree ├── mysql@2.16.0
29 silly currentTree ├── negotiator@0.6.1
29 silly currentTree ├── node-mysql@0.4.2
29 silly currentTree ├── nodemailer-fetch@1.6.0
29 silly currentTree ├── nodemailer-shared@1.1.0
29 silly currentTree ├── nodemailer-smtp-pool@2.8.3
29 silly currentTree ├── nodemailer-wellknown@0.1.10
29 silly currentTree ├── nodemailer@4.6.7
29 silly currentTree ├── on-finished@2.3.0
29 silly currentTree ├── optimist@0.3.7
29 silly currentTree ├── parseurl@1.3.2
29 silly currentTree ├── path-to-regexp@0.1.7
29 silly currentTree ├── process-nextick-args@2.0.0
29 silly currentTree ├── promise@6.1.0
29 silly currentTree ├── proxy-addr@2.0.3
29 silly currentTree ├── qs@6.5.1
29 silly currentTree ├── range-parser@1.2.0
29 silly currentTree ├─┬ raw-body@2.3.2
29 silly currentTree │ ├── depd@1.1.1
29 silly currentTree │ ├── http-errors@1.6.2
29 silly currentTree │ └── setprototypeof@1.0.3
29 silly currentTree ├── readable-stream@2.3.6
29 silly currentTree ├── repeat-string@1.6.1
29 silly currentTree ├── right-align@0.1.3
29 silly currentTree ├── safe-buffer@5.1.2
29 silly currentTree ├── send@0.16.2
29 silly currentTree ├── serve-static@1.13.2
29 silly currentTree ├── setprototypeof@1.1.0
29 silly currentTree ├── smtp-connection@2.12.0
29 silly currentTree ├── source-map@0.4.4
29 silly currentTree ├── sqlstring@2.3.1
29 silly currentTree ├── statuses@1.4.0
29 silly currentTree ├── string_decoder@1.1.1
29 silly currentTree ├─┬ transformers@2.1.0
29 silly currentTree │ ├── is-promise@1.0.1
29 silly currentTree │ ├── promise@2.0.0
29 silly currentTree │ ├── source-map@0.1.43
29 silly currentTree │ └── uglify-js@2.2.5
29 silly currentTree ├── type-is@1.6.16
29 silly currentTree ├─┬ uglify-js@2.8.29
29 silly currentTree │ └── source-map@0.5.7
29 silly currentTree ├── uglify-to-browserify@1.0.2
29 silly currentTree ├── underscore@1.9.1
29 silly currentTree ├── unpipe@1.0.0
29 silly currentTree ├── util-deprecate@1.0.2
29 silly currentTree ├── utils-merge@1.0.1
29 silly currentTree ├── vary@1.1.2
29 silly currentTree ├── void-elements@2.0.1
29 silly currentTree ├── window-size@0.1.0
29 silly currentTree ├─┬ with@4.0.3
29 silly currentTree │ └── acorn@1.2.2
29 silly currentTree ├── wordwrap@0.0.3
29 silly currentTree └── yargs@3.10.0
30 silly idealTree doghoney
30 silly idealTree ├── accepts@1.3.5
30 silly idealTree ├── acorn-globals@1.0.9
30 silly idealTree ├── acorn@2.7.0
30 silly idealTree ├── align-text@0.1.4
30 silly idealTree ├── amdefine@1.0.1
30 silly idealTree ├── array-flatten@1.1.1
30 silly idealTree ├── asap@1.0.0
30 silly idealTree ├── better-js-class@0.1.3
30 silly idealTree ├── bignumber.js@4.1.0
30 silly idealTree ├─┬ body-parser@1.18.3
30 silly idealTree │ ├── iconv-lite@0.4.23
30 silly idealTree │ ├── qs@6.5.2
30 silly idealTree │ └── raw-body@2.3.3
30 silly idealTree ├── bytes@3.0.0
30 silly idealTree ├── camelcase@1.2.1
30 silly idealTree ├── center-align@0.1.3
30 silly idealTree ├── character-parser@1.2.1
30 silly idealTree ├─┬ clean-css@3.4.28
30 silly idealTree │ └── commander@2.8.1
30 silly idealTree ├─┬ cliui@2.1.0
30 silly idealTree │ └── wordwrap@0.0.2
30 silly idealTree ├── commander@2.6.0
30 silly idealTree ├── constantinople@3.0.2
30 silly idealTree ├── content-disposition@0.5.2
30 silly idealTree ├── content-type@1.0.4
30 silly idealTree ├── cookie-signature@1.0.6
30 silly idealTree ├── cookie@0.3.1
30 silly idealTree ├── core-util-is@1.0.2
30 silly idealTree ├── cps@1.0.2
30 silly idealTree ├── css-parse@1.0.4
30 silly idealTree ├── css-stringify@1.0.5
30 silly idealTree ├── css@1.0.8
30 silly idealTree ├── debug@2.6.9
30 silly idealTree ├── decamelize@1.2.0
30 silly idealTree ├── depd@1.1.2
30 silly idealTree ├── destroy@1.0.4
30 silly idealTree ├── ee-first@1.1.1
30 silly idealTree ├── encodeurl@1.0.2
30 silly idealTree ├── escape-html@1.0.3
30 silly idealTree ├── etag@1.8.1
30 silly idealTree ├─┬ express@4.16.3
30 silly idealTree │ ├── body-parser@1.18.2
30 silly idealTree │ └── safe-buffer@5.1.1
30 silly idealTree ├── finalhandler@1.1.1
30 silly idealTree ├── forwarded@0.1.2
30 silly idealTree ├── fresh@0.5.2
30 silly idealTree ├── graceful-readlink@1.0.1
30 silly idealTree ├── http-errors@1.6.3
30 silly idealTree ├─┬ httpntlm@1.6.1
30 silly idealTree │ └── underscore@1.7.0
30 silly idealTree ├── httpreq@0.4.24
30 silly idealTree ├── iconv-lite@0.4.19
30 silly idealTree ├── inherits@2.0.3
30 silly idealTree ├── ipaddr.js@1.6.0
30 silly idealTree ├── is-buffer@1.1.6
30 silly idealTree ├── is-promise@2.1.0
30 silly idealTree ├── isarray@1.0.0
30 silly idealTree ├── jade@1.11.0
30 silly idealTree ├── jstransformer@0.0.2
30 silly idealTree ├── kind-of@3.2.2
30 silly idealTree ├── lazy-cache@1.0.4
30 silly idealTree ├── longest@1.0.1
30 silly idealTree ├── media-typer@0.3.0
30 silly idealTree ├── merge-descriptors@1.0.1
30 silly idealTree ├── methods@1.1.2
30 silly idealTree ├── mime-db@1.35.0
30 silly idealTree ├── mime-types@2.1.19
30 silly idealTree ├── mime@1.4.1
30 silly idealTree ├── minimist@0.0.8
30 silly idealTree ├── mkdirp@0.5.1
30 silly idealTree ├── ms@2.0.0
30 silly idealTree ├── mysql@2.16.0
30 silly idealTree ├── negotiator@0.6.1
30 silly idealTree ├── node-mysql@0.4.2
30 silly idealTree ├── nodemailer-fetch@1.6.0
30 silly idealTree ├── nodemailer-shared@1.1.0
30 silly idealTree ├── nodemailer-smtp-pool@2.8.3
30 silly idealTree ├── nodemailer-wellknown@0.1.10
30 silly idealTree ├── nodemailer@4.6.7
30 silly idealTree ├── on-finished@2.3.0
30 silly idealTree ├── optimist@0.3.7
30 silly idealTree ├── parseurl@1.3.2
30 silly idealTree ├── path-to-regexp@0.1.7
30 silly idealTree ├── process-nextick-args@2.0.0
30 silly idealTree ├── promise@6.1.0
30 silly idealTree ├── proxy-addr@2.0.3
30 silly idealTree ├── qs@6.5.1
30 silly idealTree ├── range-parser@1.2.0
30 silly idealTree ├─┬ raw-body@2.3.2
30 silly idealTree │ ├── depd@1.1.1
30 silly idealTree │ ├── http-errors@1.6.2
30 silly idealTree │ └── setprototypeof@1.0.3
30 silly idealTree ├── readable-stream@2.3.6
30 silly idealTree ├── repeat-string@1.6.1
30 silly idealTree ├── right-align@0.1.3
30 silly idealTree ├── safe-buffer@5.1.2
30 silly idealTree ├── safer-buffer@2.1.2
30 silly idealTree ├── send@0.16.2
30 silly idealTree ├── serve-static@1.13.2
30 silly idealTree ├── setprototypeof@1.1.0
30 silly idealTree ├── smtp-connection@2.12.0
30 silly idealTree ├── source-map@0.4.4
30 silly idealTree ├── sqlstring@2.3.1
30 silly idealTree ├── statuses@1.4.0
30 silly idealTree ├── string_decoder@1.1.1
30 silly idealTree ├─┬ transformers@2.1.0
30 silly idealTree │ ├── is-promise@1.0.1
30 silly idealTree │ ├── promise@2.0.0
30 silly idealTree │ ├── source-map@0.1.43
30 silly idealTree │ └── uglify-js@2.2.5
30 silly idealTree ├── type-is@1.6.16
30 silly idealTree ├─┬ uglify-js@2.8.29
30 silly idealTree │ └── source-map@0.5.7
30 silly idealTree ├── uglify-to-browserify@1.0.2
30 silly idealTree ├── underscore@1.9.1
30 silly idealTree ├── unpipe@1.0.0
30 silly idealTree ├── util-deprecate@1.0.2
30 silly idealTree ├── utils-merge@1.0.1
30 silly idealTree ├── vary@1.1.2
30 silly idealTree ├── void-elements@2.0.1
30 silly idealTree ├── window-size@0.1.0
30 silly idealTree ├─┬ with@4.0.3
30 silly idealTree │ └── acorn@1.2.2
30 silly idealTree ├── wordwrap@0.0.3
30 silly idealTree └── yargs@3.10.0
31 silly install generateActionsToTake
32 warn checkPermissions Missing write access to /home/doghoney/node_modules/body-parser
33 warn checkPermissions Missing write access to /home/doghoney/node_modules/express/node_modules
34 warn checkPermissions Missing write access to /home/doghoney/node_modules
35 silly saveTree doghoney
35 silly saveTree ├─┬ accepts@1.3.5
35 silly saveTree │ ├─┬ mime-types@2.1.19
35 silly saveTree │ │ └── mime-db@1.35.0
35 silly saveTree │ └── negotiator@0.6.1
35 silly saveTree ├─┬ acorn-globals@1.0.9
35 silly saveTree │ └── acorn@2.7.0
35 silly saveTree ├── acorn@2.7.0
35 silly saveTree ├─┬ align-text@0.1.4
35 silly saveTree │ ├─┬ kind-of@3.2.2
35 silly saveTree │ │ └── is-buffer@1.1.6
35 silly saveTree │ ├── longest@1.0.1
35 silly saveTree │ └── repeat-string@1.6.1
35 silly saveTree ├── amdefine@1.0.1
35 silly saveTree ├── array-flatten@1.1.1
35 silly saveTree ├── asap@1.0.0
35 silly saveTree ├── better-js-class@0.1.3
35 silly saveTree ├── bignumber.js@4.1.0
35 silly saveTree ├─┬ body-parser@1.18.3
35 silly saveTree │ ├── bytes@3.0.0
35 silly saveTree │ ├── content-type@1.0.4
35 silly saveTree │ ├─┬ debug@2.6.9
35 silly saveTree │ │ └── ms@2.0.0
35 silly saveTree │ ├── depd@1.1.2
35 silly saveTree │ ├─┬ http-errors@1.6.3
35 silly saveTree │ │ ├── inherits@2.0.3
35 silly saveTree │ │ ├── setprototypeof@1.1.0
35 silly saveTree │ │ └── statuses@1.4.0
35 silly saveTree │ ├─┬ iconv-lite@0.4.23
35 silly saveTree │ │ └── safer-buffer@2.1.2
35 silly saveTree │ ├─┬ on-finished@2.3.0
35 silly saveTree │ │ └── ee-first@1.1.1
35 silly saveTree │ ├── qs@6.5.2
35 silly saveTree │ ├─┬ raw-body@2.3.3
35 silly saveTree │ │ └── unpipe@1.0.0
35 silly saveTree │ └─┬ type-is@1.6.16
35 silly saveTree │   └── media-typer@0.3.0
35 silly saveTree ├── bytes@3.0.0
35 silly saveTree ├── camelcase@1.2.1
35 silly saveTree ├─┬ center-align@0.1.3
35 silly saveTree │ └── lazy-cache@1.0.4
35 silly saveTree ├── character-parser@1.2.1
35 silly saveTree ├─┬ clean-css@3.4.28
35 silly saveTree │ ├─┬ commander@2.8.1
35 silly saveTree │ │ └── graceful-readlink@1.0.1
35 silly saveTree │ └── source-map@0.4.4
35 silly saveTree ├─┬ cliui@2.1.0
35 silly saveTree │ ├── right-align@0.1.3
35 silly saveTree │ └── wordwrap@0.0.2
35 silly saveTree ├── commander@2.6.0
35 silly saveTree ├── constantinople@3.0.2
35 silly saveTree ├── content-disposition@0.5.2
35 silly saveTree ├── content-type@1.0.4
35 silly saveTree ├── cookie-signature@1.0.6
35 silly saveTree ├── cookie@0.3.1
35 silly saveTree ├── core-util-is@1.0.2
35 silly saveTree ├── cps@1.0.2
35 silly saveTree ├── css-parse@1.0.4
35 silly saveTree ├── css-stringify@1.0.5
35 silly saveTree ├── css@1.0.8
35 silly saveTree ├── debug@2.6.9
35 silly saveTree ├── decamelize@1.2.0
35 silly saveTree ├── depd@1.1.2
35 silly saveTree ├── destroy@1.0.4
35 silly saveTree ├── ee-first@1.1.1
35 silly saveTree ├── encodeurl@1.0.2
35 silly saveTree ├── escape-html@1.0.3
35 silly saveTree ├── etag@1.8.1
35 silly saveTree ├─┬ express@4.16.3
35 silly saveTree │ ├─┬ body-parser@1.18.2
35 silly saveTree │ │ ├── iconv-lite@0.4.19
35 silly saveTree │ │ ├── qs@6.5.1
35 silly saveTree │ │ └─┬ raw-body@2.3.2
35 silly saveTree │ │   └─┬ http-errors@1.6.2
35 silly saveTree │ │     ├── depd@1.1.1
35 silly saveTree │ │     └── setprototypeof@1.0.3
35 silly saveTree │ ├─┬ finalhandler@1.1.1
35 silly saveTree │ │ └── parseurl@1.3.2
35 silly saveTree │ ├── fresh@0.5.2
35 silly saveTree │ ├── merge-descriptors@1.0.1
35 silly saveTree │ ├── methods@1.1.2
35 silly saveTree │ ├── parseurl@1.3.2
35 silly saveTree │ ├── path-to-regexp@0.1.7
35 silly saveTree │ ├─┬ proxy-addr@2.0.3
35 silly saveTree │ │ ├── forwarded@0.1.2
35 silly saveTree │ │ └── ipaddr.js@1.6.0
35 silly saveTree │ ├── qs@6.5.1
35 silly saveTree │ ├── range-parser@1.2.0
35 silly saveTree │ ├── safe-buffer@5.1.1
35 silly saveTree │ ├─┬ send@0.16.2
35 silly saveTree │ │ └── mime@1.4.1
35 silly saveTree │ ├── serve-static@1.13.2
35 silly saveTree │ ├── utils-merge@1.0.1
35 silly saveTree │ └── vary@1.1.2
35 silly saveTree ├── finalhandler@1.1.1
35 silly saveTree ├── forwarded@0.1.2
35 silly saveTree ├── fresh@0.5.2
35 silly saveTree ├── graceful-readlink@1.0.1
35 silly saveTree ├── http-errors@1.6.3
35 silly saveTree ├─┬ httpntlm@1.6.1
35 silly saveTree │ ├── httpreq@0.4.24
35 silly saveTree │ └── underscore@1.7.0
35 silly saveTree ├── httpreq@0.4.24
35 silly saveTree ├── iconv-lite@0.4.19
35 silly saveTree ├── inherits@2.0.3
35 silly saveTree ├── ipaddr.js@1.6.0
35 silly saveTree ├── is-buffer@1.1.6
35 silly saveTree ├── is-promise@2.1.0
35 silly saveTree ├── isarray@1.0.0
35 silly saveTree ├─┬ jade@1.11.0
35 silly saveTree │ ├─┬ jstransformer@0.0.2
35 silly saveTree │ │ └── promise@6.1.0
35 silly saveTree │ ├─┬ mkdirp@0.5.1
35 silly saveTree │ │ └── minimist@0.0.8
35 silly saveTree │ ├─┬ transformers@2.1.0
35 silly saveTree │ │ ├─┬ promise@2.0.0
35 silly saveTree │ │ │ └── is-promise@1.0.1
35 silly saveTree │ │ └─┬ uglify-js@2.2.5
35 silly saveTree │ │   ├─┬ optimist@0.3.7
35 silly saveTree │ │   │ └── wordwrap@0.0.3
35 silly saveTree │ │   └── source-map@0.1.43
35 silly saveTree │ ├─┬ uglify-js@2.8.29
35 silly saveTree │ │ ├── source-map@0.5.7
35 silly saveTree │ │ ├── uglify-to-browserify@1.0.2
35 silly saveTree │ │ └─┬ yargs@3.10.0
35 silly saveTree │ │   └── window-size@0.1.0
35 silly saveTree │ ├── void-elements@2.0.1
35 silly saveTree │ └─┬ with@4.0.3
35 silly saveTree │   └── acorn@1.2.2
35 silly saveTree ├── jstransformer@0.0.2
35 silly saveTree ├── kind-of@3.2.2
35 silly saveTree ├── lazy-cache@1.0.4
35 silly saveTree ├── longest@1.0.1
35 silly saveTree ├── media-typer@0.3.0
35 silly saveTree ├── merge-descriptors@1.0.1
35 silly saveTree ├── methods@1.1.2
35 silly saveTree ├── mime-db@1.35.0
35 silly saveTree ├── mime-types@2.1.19
35 silly saveTree ├── mime@1.4.1
35 silly saveTree ├── minimist@0.0.8
35 silly saveTree ├── mkdirp@0.5.1
35 silly saveTree ├── ms@2.0.0
35 silly saveTree ├─┬ mysql@2.16.0
35 silly saveTree │ ├─┬ readable-stream@2.3.6
35 silly saveTree │ │ ├── process-nextick-args@2.0.0
35 silly saveTree │ │ ├── safe-buffer@5.1.2
35 silly saveTree │ │ ├── string_decoder@1.1.1
35 silly saveTree │ │ └── util-deprecate@1.0.2
35 silly saveTree │ ├── safe-buffer@5.1.2
35 silly saveTree │ └── sqlstring@2.3.1
35 silly saveTree ├── negotiator@0.6.1
35 silly saveTree ├─┬ node-mysql@0.4.2
35 silly saveTree │ └── underscore@1.9.1
35 silly saveTree ├── nodemailer-fetch@1.6.0
35 silly saveTree ├── nodemailer-shared@1.1.0
35 silly saveTree ├─┬ nodemailer-smtp-pool@2.8.3
35 silly saveTree │ ├── nodemailer-wellknown@0.1.10
35 silly saveTree │ └── smtp-connection@2.12.0
35 silly saveTree ├── nodemailer-wellknown@0.1.10
35 silly saveTree ├── nodemailer@4.6.7
35 silly saveTree ├── on-finished@2.3.0
35 silly saveTree ├── optimist@0.3.7
35 silly saveTree ├── parseurl@1.3.2
35 silly saveTree ├── path-to-regexp@0.1.7
35 silly saveTree ├── process-nextick-args@2.0.0
35 silly saveTree ├── promise@6.1.0
35 silly saveTree ├── proxy-addr@2.0.3
35 silly saveTree ├── qs@6.5.1
35 silly saveTree ├── range-parser@1.2.0
35 silly saveTree ├── raw-body@2.3.2
35 silly saveTree ├── readable-stream@2.3.6
35 silly saveTree ├── repeat-string@1.6.1
35 silly saveTree ├── right-align@0.1.3
35 silly saveTree ├── safe-buffer@5.1.2
35 silly saveTree ├── send@0.16.2
35 silly saveTree ├── serve-static@1.13.2
35 silly saveTree ├── setprototypeof@1.1.0
35 silly saveTree ├── smtp-connection@2.12.0
35 silly saveTree ├── source-map@0.4.4
35 silly saveTree ├── sqlstring@2.3.1
35 silly saveTree ├── statuses@1.4.0
35 silly saveTree ├── string_decoder@1.1.1
35 silly saveTree ├── transformers@2.1.0
35 silly saveTree ├── type-is@1.6.16
35 silly saveTree ├── uglify-js@2.8.29
35 silly saveTree ├── uglify-to-browserify@1.0.2
35 silly saveTree ├── underscore@1.9.1
35 silly saveTree ├── unpipe@1.0.0
35 silly saveTree ├── util-deprecate@1.0.2
35 silly saveTree ├── utils-merge@1.0.1
35 silly saveTree ├── vary@1.1.2
35 silly saveTree ├── void-elements@2.0.1
35 silly saveTree ├── window-size@0.1.0
35 silly saveTree ├── with@4.0.3
35 silly saveTree ├── wordwrap@0.0.3
35 silly saveTree └── yargs@3.10.0
36 warn enoent ENOENT: no such file or directory, open '/home/doghoney/package.json'
37 verbose enoent This is related to npm not being able to find a file.
38 warn doghoney No description
39 warn doghoney No repository field.
40 warn doghoney No README data
41 warn doghoney No license field.
42 verbose stack Error: EACCES: permission denied, access '/home/doghoney/node_modules/body-parser'
43 verbose cwd /home/doghoney/server_side_javascript
44 verbose Linux 4.13.0-46-generic
45 verbose argv "/usr/bin/node" "/usr/bin/npm" "install" "body-parser"
46 verbose node v9.11.2
47 verbose npm  v5.6.0
48 error path /home/doghoney/node_modules/body-parser
49 error code EACCES
50 error errno -13
51 error syscall access
52 error Error: EACCES: permission denied, access '/home/doghoney/node_modules/body-parser'
52 error  { Error: EACCES: permission denied, access '/home/doghoney/node_modules/body-parser'
52 error   stack: 'Error: EACCES: permission denied, access \'/home/doghoney/node_modules/body-parser\'',
52 error   errno: -13,
52 error   code: 'EACCES',
52 error   syscall: 'access',
52 error   path: '/home/doghoney/node_modules/body-parser' }
53 error Please try running this command again as root/Administrator.
54 verbose exit [ -13, true ]
