0 info it worked if it ends with ok
1 verbose cli [ '/usr/bin/node',
1 verbose cli   '/usr/bin/npm',
1 verbose cli   'i',
1 verbose cli   '--save',
1 verbose cli   'express',
1 verbose cli   'ejs',
1 verbose cli   'express-session',
1 verbose cli   'body-parser',
1 verbose cli   'bcrypt-nodejs' ]
2 info using npm@5.6.0
3 info using node@v9.11.2
4 verbose npm-session 6f7df64f85854fea
5 silly install loadCurrentTree
6 silly install readLocalPackageData
7 http fetch GET 200 https://registry.npmjs.org/express-session 135ms
8 http fetch GET 200 https://registry.npmjs.org/bcrypt-nodejs 138ms
9 silly pacote tag manifest for bcrypt-nodejs@latest fetched in 157ms
10 silly pacote tag manifest for express-session@latest fetched in 159ms
11 http fetch GET 304 https://registry.npmjs.org/express 173ms (from cache)
12 http fetch GET 304 https://registry.npmjs.org/ejs 221ms (from cache)
13 silly pacote range manifest for express@^4.16.3 fetched in 249ms
14 silly pacote range manifest for ejs@^2.6.1 fetched in 227ms
15 http fetch GET 304 https://registry.npmjs.org/body-parser 225ms (from cache)
16 silly pacote range manifest for body-parser@^1.18.3 fetched in 229ms
17 silly install loadIdealTree
18 silly install cloneCurrentTreeToIdealTree
19 silly install loadShrinkwrap
20 silly install loadAllDepsIntoIdealTree
21 silly resolveWithNewModule bcrypt-nodejs@0.0.3 checking installable status
22 silly resolveWithNewModule express-session@1.15.6 checking installable status
23 silly resolveWithNewModule express@4.16.3 checking installable status
24 silly resolveWithNewModule ejs@2.6.1 checking installable status
25 silly resolveWithNewModule body-parser@1.18.3 checking installable status
26 http fetch GET 304 https://registry.npmjs.org/debug 56ms (from cache)
27 http fetch GET 304 https://registry.npmjs.org/content-type 57ms (from cache)
28 http fetch GET 304 https://registry.npmjs.org/bytes 59ms (from cache)
29 http fetch GET 304 https://registry.npmjs.org/depd 58ms (from cache)
30 silly pacote version manifest for debug@2.6.9 fetched in 62ms
31 silly resolveWithNewModule debug@2.6.9 checking installable status
32 silly pacote range manifest for content-type@~1.0.4 fetched in 63ms
33 silly resolveWithNewModule content-type@1.0.4 checking installable status
34 http fetch GET 304 https://registry.npmjs.org/http-errors 64ms (from cache)
35 silly pacote version manifest for bytes@3.0.0 fetched in 67ms
36 silly resolveWithNewModule bytes@3.0.0 checking installable status
37 silly pacote range manifest for depd@~1.1.2 fetched in 66ms
38 silly resolveWithNewModule depd@1.1.2 checking installable status
39 silly pacote range manifest for http-errors@~1.6.3 fetched in 67ms
40 silly resolveWithNewModule http-errors@1.6.3 checking installable status
41 http fetch GET 304 https://registry.npmjs.org/qs 69ms (from cache)
42 silly pacote version manifest for qs@6.5.2 fetched in 72ms
43 silly resolveWithNewModule qs@6.5.2 checking installable status
44 http fetch GET 304 https://registry.npmjs.org/iconv-lite 76ms (from cache)
45 silly pacote version manifest for iconv-lite@0.4.23 fetched in 77ms
46 silly resolveWithNewModule iconv-lite@0.4.23 checking installable status
47 http fetch GET 304 https://registry.npmjs.org/raw-body 79ms (from cache)
48 silly pacote version manifest for raw-body@2.3.3 fetched in 81ms
49 silly resolveWithNewModule raw-body@2.3.3 checking installable status
50 http fetch GET 304 https://registry.npmjs.org/ms 17ms (from cache)
51 silly pacote version manifest for ms@2.0.0 fetched in 18ms
52 silly resolveWithNewModule ms@2.0.0 checking installable status
53 http fetch GET 304 https://registry.npmjs.org/statuses 17ms (from cache)
54 silly pacote range manifest for statuses@>= 1.4.0 < 2 fetched in 19ms
55 silly resolveWithNewModule statuses@1.5.0 checking installable status
56 http fetch GET 304 https://registry.npmjs.org/setprototypeof 23ms (from cache)
57 silly pacote version manifest for setprototypeof@1.1.0 fetched in 25ms
58 silly resolveWithNewModule setprototypeof@1.1.0 checking installable status
59 http fetch GET 304 https://registry.npmjs.org/safer-buffer 16ms (from cache)
60 silly pacote range manifest for safer-buffer@>= 2.1.2 < 3 fetched in 17ms
61 silly resolveWithNewModule safer-buffer@2.1.2 checking installable status
62 http fetch GET 304 https://registry.npmjs.org/unpipe 16ms (from cache)
63 silly pacote version manifest for unpipe@1.0.0 fetched in 17ms
64 silly resolveWithNewModule unpipe@1.0.0 checking installable status
65 silly pacote version manifest for body-parser@1.18.2 fetched in 10ms
66 silly resolveWithNewModule body-parser@1.18.2 checking installable status
67 http fetch GET 304 https://registry.npmjs.org/content-disposition 77ms (from cache)
68 http fetch GET 304 https://registry.npmjs.org/cookie 76ms (from cache)
69 http fetch GET 304 https://registry.npmjs.org/encodeurl 76ms (from cache)
70 http fetch GET 304 https://registry.npmjs.org/cookie-signature 77ms (from cache)
71 http fetch GET 304 https://registry.npmjs.org/accepts 81ms (from cache)
72 http fetch GET 304 https://registry.npmjs.org/escape-html 79ms (from cache)
73 http fetch GET 304 https://registry.npmjs.org/array-flatten 83ms (from cache)
74 silly pacote version manifest for content-disposition@0.5.2 fetched in 83ms
75 silly resolveWithNewModule content-disposition@0.5.2 checking installable status
76 silly pacote version manifest for cookie@0.3.1 fetched in 83ms
77 silly resolveWithNewModule cookie@0.3.1 checking installable status
78 silly pacote range manifest for encodeurl@~1.0.2 fetched in 84ms
79 silly resolveWithNewModule encodeurl@1.0.2 checking installable status
80 silly pacote version manifest for cookie-signature@1.0.6 fetched in 85ms
81 silly resolveWithNewModule cookie-signature@1.0.6 checking installable status
82 http fetch GET 304 https://registry.npmjs.org/etag 87ms (from cache)
83 silly pacote range manifest for accepts@~1.3.5 fetched in 91ms
84 silly resolveWithNewModule accepts@1.3.5 checking installable status
85 silly pacote range manifest for escape-html@~1.0.3 fetched in 90ms
86 silly resolveWithNewModule escape-html@1.0.3 checking installable status
87 silly pacote version manifest for array-flatten@1.1.1 fetched in 99ms
88 silly resolveWithNewModule array-flatten@1.1.1 checking installable status
89 http fetch GET 304 https://registry.npmjs.org/fresh 77ms (from cache)
90 silly pacote range manifest for etag@~1.8.1 fetched in 114ms
91 silly resolveWithNewModule etag@1.8.1 checking installable status
92 silly pacote version manifest for qs@6.5.1 fetched in 26ms
93 silly resolveWithNewModule qs@6.5.1 checking installable status
94 silly pacote version manifest for fresh@0.5.2 fetched in 100ms
95 silly resolveWithNewModule fresh@0.5.2 checking installable status
96 silly pacote range manifest for statuses@~1.4.0 fetched in 20ms
97 silly resolveWithNewModule statuses@1.4.0 checking installable status
98 http fetch GET 304 https://registry.npmjs.org/finalhandler 157ms (from cache)
99 silly pacote version manifest for finalhandler@1.1.1 fetched in 169ms
100 silly resolveWithNewModule finalhandler@1.1.1 checking installable status
101 http fetch GET 304 https://registry.npmjs.org/methods 103ms (from cache)
102 http fetch GET 304 https://registry.npmjs.org/path-to-regexp 104ms (from cache)
103 http fetch GET 304 https://registry.npmjs.org/parseurl 106ms (from cache)
104 http fetch GET 304 https://registry.npmjs.org/proxy-addr 104ms (from cache)
105 silly pacote range manifest for methods@~1.1.2 fetched in 109ms
106 silly resolveWithNewModule methods@1.1.2 checking installable status
107 http fetch GET 304 https://registry.npmjs.org/merge-descriptors 112ms (from cache)
108 silly pacote version manifest for path-to-regexp@0.1.7 fetched in 112ms
109 silly resolveWithNewModule path-to-regexp@0.1.7 checking installable status
110 silly pacote range manifest for parseurl@~1.3.2 fetched in 114ms
111 silly resolveWithNewModule parseurl@1.3.2 checking installable status
112 http fetch GET 304 https://registry.npmjs.org/range-parser 101ms (from cache)
113 silly pacote range manifest for proxy-addr@~2.0.3 fetched in 116ms
114 silly resolveWithNewModule proxy-addr@2.0.3 checking installable status
115 http fetch GET 304 https://registry.npmjs.org/send 91ms (from cache)
116 silly pacote version manifest for merge-descriptors@1.0.1 fetched in 123ms
117 silly resolveWithNewModule merge-descriptors@1.0.1 checking installable status
118 http fetch GET 304 https://registry.npmjs.org/serve-static 90ms (from cache)
119 silly pacote range manifest for range-parser@~1.2.0 fetched in 109ms
120 silly resolveWithNewModule range-parser@1.2.0 checking installable status
121 silly pacote version manifest for send@0.16.2 fetched in 97ms
122 silly resolveWithNewModule send@0.16.2 checking installable status
123 silly pacote version manifest for serve-static@1.13.2 fetched in 95ms
124 silly resolveWithNewModule serve-static@1.13.2 checking installable status
125 http fetch GET 304 https://registry.npmjs.org/vary 47ms (from cache)
126 http fetch GET 304 https://registry.npmjs.org/utils-merge 64ms (from cache)
127 silly pacote range manifest for vary@~1.1.2 fetched in 49ms
128 silly resolveWithNewModule vary@1.1.2 checking installable status
129 silly pacote version manifest for utils-merge@1.0.1 fetched in 66ms
130 silly resolveWithNewModule utils-merge@1.0.1 checking installable status
131 http fetch GET 304 https://registry.npmjs.org/negotiator 26ms (from cache)
132 silly pacote version manifest for negotiator@0.6.1 fetched in 27ms
133 silly resolveWithNewModule negotiator@0.6.1 checking installable status
134 silly pacote version manifest for iconv-lite@0.4.19 fetched in 1ms
135 silly resolveWithNewModule iconv-lite@0.4.19 checking installable status
136 silly pacote version manifest for raw-body@2.3.2 fetched in 2ms
137 silly resolveWithNewModule raw-body@2.3.2 checking installable status
138 silly pacote version manifest for http-errors@1.6.2 fetched in 1ms
139 silly resolveWithNewModule http-errors@1.6.2 checking installable status
140 silly pacote version manifest for depd@1.1.1 fetched in 2ms
141 silly resolveWithNewModule depd@1.1.1 checking installable status
142 silly pacote version manifest for setprototypeof@1.0.3 fetched in 2ms
143 silly resolveWithNewModule setprototypeof@1.0.3 checking installable status
144 silly pacote range manifest for statuses@~1.4.0 fetched in 1ms
145 silly resolveWithNewModule statuses@1.4.0 checking installable status
146 http fetch GET 304 https://registry.npmjs.org/ipaddr.js 19ms (from cache)
147 http fetch GET 304 https://registry.npmjs.org/forwarded 20ms (from cache)
148 silly pacote version manifest for ipaddr.js@1.6.0 fetched in 20ms
149 silly resolveWithNewModule ipaddr.js@1.6.0 checking installable status
150 silly pacote range manifest for forwarded@~0.1.2 fetched in 21ms
151 silly resolveWithNewModule forwarded@0.1.2 checking installable status
152 silly pacote range manifest for statuses@~1.4.0 fetched in 2ms
153 silly resolveWithNewModule statuses@1.4.0 checking installable status
154 http fetch GET 304 https://registry.npmjs.org/mime 24ms (from cache)
155 silly pacote version manifest for mime@1.4.1 fetched in 25ms
156 silly resolveWithNewModule mime@1.4.1 checking installable status
157 http fetch GET 304 https://registry.npmjs.org/destroy 27ms (from cache)
158 silly pacote range manifest for destroy@~1.0.4 fetched in 28ms
159 silly resolveWithNewModule destroy@1.0.4 checking installable status
160 http fetch GET 200 https://registry.npmjs.org/uid-safe 16ms
161 http fetch GET 200 https://registry.npmjs.org/on-headers 17ms
162 http fetch GET 200 https://registry.npmjs.org/crc 21ms
163 silly pacote range manifest for uid-safe@~2.1.5 fetched in 22ms
164 silly resolveWithNewModule uid-safe@2.1.5 checking installable status
165 silly pacote range manifest for on-headers@~1.0.1 fetched in 23ms
166 silly resolveWithNewModule on-headers@1.0.1 checking installable status
167 silly pacote version manifest for crc@3.4.4 fetched in 24ms
168 silly resolveWithNewModule crc@3.4.4 checking installable status
169 http fetch GET 200 https://registry.npmjs.org/random-bytes 22ms
170 silly pacote range manifest for random-bytes@~1.0.0 fetched in 25ms
171 silly resolveWithNewModule random-bytes@1.0.0 checking installable status
172 silly currentTree server_side_javascript@1.0.0
172 silly currentTree ├── accepts@1.3.5
172 silly currentTree ├── append-field@0.1.0
172 silly currentTree ├── array-flatten@1.1.1
172 silly currentTree ├── body-parser@1.18.3
172 silly currentTree ├── buffer-from@1.1.0
172 silly currentTree ├── busboy@0.2.14
172 silly currentTree ├── bytes@3.0.0
172 silly currentTree ├─┬ concat-stream@1.6.2
172 silly currentTree │ ├── isarray@1.0.0
172 silly currentTree │ ├── readable-stream@2.3.6
172 silly currentTree │ └── string_decoder@1.1.1
172 silly currentTree ├── content-disposition@0.5.2
172 silly currentTree ├── content-type@1.0.4
172 silly currentTree ├── cookie-signature@1.0.6
172 silly currentTree ├── cookie@0.3.1
172 silly currentTree ├── core-util-is@1.0.2
172 silly currentTree ├── debug@2.6.9
172 silly currentTree ├── depd@1.1.2
172 silly currentTree ├── destroy@1.0.4
172 silly currentTree ├── dicer@0.2.5
172 silly currentTree ├── ee-first@1.1.1
172 silly currentTree ├── ejs@2.6.1
172 silly currentTree ├── encodeurl@1.0.2
172 silly currentTree ├── escape-html@1.0.3
172 silly currentTree ├── etag@1.8.1
172 silly currentTree ├─┬ express@4.16.3
172 silly currentTree │ ├── body-parser@1.18.2
172 silly currentTree │ ├── iconv-lite@0.4.19
172 silly currentTree │ ├── qs@6.5.1
172 silly currentTree │ ├─┬ raw-body@2.3.2
172 silly currentTree │ │ ├── depd@1.1.1
172 silly currentTree │ │ ├── http-errors@1.6.2
172 silly currentTree │ │ └── setprototypeof@1.0.3
172 silly currentTree │ └── statuses@1.4.0
172 silly currentTree ├─┬ finalhandler@1.1.1
172 silly currentTree │ └── statuses@1.4.0
172 silly currentTree ├── forwarded@0.1.2
172 silly currentTree ├── fresh@0.5.2
172 silly currentTree ├── http-errors@1.6.3
172 silly currentTree ├── iconv-lite@0.4.23
172 silly currentTree ├── inherits@2.0.3
172 silly currentTree ├── ipaddr.js@1.6.0
172 silly currentTree ├── isarray@0.0.1
172 silly currentTree ├── media-typer@0.3.0
172 silly currentTree ├── merge-descriptors@1.0.1
172 silly currentTree ├── methods@1.1.2
172 silly currentTree ├── mime-db@1.35.0
172 silly currentTree ├── mime-types@2.1.19
172 silly currentTree ├── mime@1.4.1
172 silly currentTree ├── minimist@0.0.8
172 silly currentTree ├── mkdirp@0.5.1
172 silly currentTree ├── ms@2.0.0
172 silly currentTree ├── multer@1.3.1
172 silly currentTree ├── negotiator@0.6.1
172 silly currentTree ├── object-assign@3.0.0
172 silly currentTree ├── on-finished@2.3.0
172 silly currentTree ├── parseurl@1.3.2
172 silly currentTree ├── path-to-regexp@0.1.7
172 silly currentTree ├── process-nextick-args@2.0.0
172 silly currentTree ├── proxy-addr@2.0.3
172 silly currentTree ├── qs@6.5.2
172 silly currentTree ├── range-parser@1.2.0
172 silly currentTree ├── raw-body@2.3.3
172 silly currentTree ├── readable-stream@1.1.14
172 silly currentTree ├── safe-buffer@5.1.1
172 silly currentTree ├── safer-buffer@2.1.2
172 silly currentTree ├─┬ send@0.16.2
172 silly currentTree │ └── statuses@1.4.0
172 silly currentTree ├── serve-static@1.13.2
172 silly currentTree ├── setprototypeof@1.1.0
172 silly currentTree ├── statuses@1.5.0
172 silly currentTree ├── streamsearch@0.1.2
172 silly currentTree ├── string_decoder@0.10.31
172 silly currentTree ├── type-is@1.6.16
172 silly currentTree ├── typedarray@0.0.6
172 silly currentTree ├── unpipe@1.0.0
172 silly currentTree ├── util-deprecate@1.0.2
172 silly currentTree ├── utils-merge@1.0.1
172 silly currentTree ├── vary@1.1.2
172 silly currentTree └── xtend@4.0.1
173 silly idealTree server_side_javascript@1.0.0
173 silly idealTree ├── accepts@1.3.5
173 silly idealTree ├── append-field@0.1.0
173 silly idealTree ├── array-flatten@1.1.1
173 silly idealTree ├── bcrypt-nodejs@0.0.3
173 silly idealTree ├── body-parser@1.18.3
173 silly idealTree ├── buffer-from@1.1.0
173 silly idealTree ├── busboy@0.2.14
173 silly idealTree ├── bytes@3.0.0
173 silly idealTree ├─┬ concat-stream@1.6.2
173 silly idealTree │ ├── isarray@1.0.0
173 silly idealTree │ ├── readable-stream@2.3.6
173 silly idealTree │ └── string_decoder@1.1.1
173 silly idealTree ├── content-disposition@0.5.2
173 silly idealTree ├── content-type@1.0.4
173 silly idealTree ├── cookie-signature@1.0.6
173 silly idealTree ├── cookie@0.3.1
173 silly idealTree ├── core-util-is@1.0.2
173 silly idealTree ├── crc@3.4.4
173 silly idealTree ├── debug@2.6.9
173 silly idealTree ├── depd@1.1.2
173 silly idealTree ├── destroy@1.0.4
173 silly idealTree ├── dicer@0.2.5
173 silly idealTree ├── ee-first@1.1.1
173 silly idealTree ├── ejs@2.6.1
173 silly idealTree ├── encodeurl@1.0.2
173 silly idealTree ├── escape-html@1.0.3
173 silly idealTree ├── etag@1.8.1
173 silly idealTree ├── express-session@1.15.6
173 silly idealTree ├─┬ express@4.16.3
173 silly idealTree │ ├── body-parser@1.18.2
173 silly idealTree │ ├── iconv-lite@0.4.19
173 silly idealTree │ ├── qs@6.5.1
173 silly idealTree │ ├─┬ raw-body@2.3.2
173 silly idealTree │ │ ├── depd@1.1.1
173 silly idealTree │ │ ├── http-errors@1.6.2
173 silly idealTree │ │ └── setprototypeof@1.0.3
173 silly idealTree │ └── statuses@1.4.0
173 silly idealTree ├─┬ finalhandler@1.1.1
173 silly idealTree │ └── statuses@1.4.0
173 silly idealTree ├── forwarded@0.1.2
173 silly idealTree ├── fresh@0.5.2
173 silly idealTree ├── http-errors@1.6.3
173 silly idealTree ├── iconv-lite@0.4.23
173 silly idealTree ├── inherits@2.0.3
173 silly idealTree ├── ipaddr.js@1.6.0
173 silly idealTree ├── isarray@0.0.1
173 silly idealTree ├── media-typer@0.3.0
173 silly idealTree ├── merge-descriptors@1.0.1
173 silly idealTree ├── methods@1.1.2
173 silly idealTree ├── mime-db@1.35.0
173 silly idealTree ├── mime-types@2.1.19
173 silly idealTree ├── mime@1.4.1
173 silly idealTree ├── minimist@0.0.8
173 silly idealTree ├── mkdirp@0.5.1
173 silly idealTree ├── ms@2.0.0
173 silly idealTree ├── multer@1.3.1
173 silly idealTree ├── negotiator@0.6.1
173 silly idealTree ├── object-assign@3.0.0
173 silly idealTree ├── on-finished@2.3.0
173 silly idealTree ├── on-headers@1.0.1
173 silly idealTree ├── parseurl@1.3.2
173 silly idealTree ├── path-to-regexp@0.1.7
173 silly idealTree ├── process-nextick-args@2.0.0
173 silly idealTree ├── proxy-addr@2.0.3
173 silly idealTree ├── qs@6.5.2
173 silly idealTree ├── random-bytes@1.0.0
173 silly idealTree ├── range-parser@1.2.0
173 silly idealTree ├── raw-body@2.3.3
173 silly idealTree ├── readable-stream@1.1.14
173 silly idealTree ├── safe-buffer@5.1.1
173 silly idealTree ├── safer-buffer@2.1.2
173 silly idealTree ├─┬ send@0.16.2
173 silly idealTree │ └── statuses@1.4.0
173 silly idealTree ├── serve-static@1.13.2
173 silly idealTree ├── setprototypeof@1.1.0
173 silly idealTree ├── statuses@1.5.0
173 silly idealTree ├── streamsearch@0.1.2
173 silly idealTree ├── string_decoder@0.10.31
173 silly idealTree ├── type-is@1.6.16
173 silly idealTree ├── typedarray@0.0.6
173 silly idealTree ├── uid-safe@2.1.5
173 silly idealTree ├── unpipe@1.0.0
173 silly idealTree ├── util-deprecate@1.0.2
173 silly idealTree ├── utils-merge@1.0.1
173 silly idealTree ├── vary@1.1.2
173 silly idealTree └── xtend@4.0.1
174 silly install generateActionsToTake
175 warn checkPermissions Missing write access to /home/doghoney/server_side_javascript/node_modules/body-parser
176 warn checkPermissions Missing write access to /home/doghoney/server_side_javascript/node_modules/express
177 silly saveTree server_side_javascript@1.0.0
177 silly saveTree ├── bcrypt-nodejs@0.0.3
177 silly saveTree ├─┬ body-parser@1.18.3
177 silly saveTree │ ├── bytes@3.0.0
177 silly saveTree │ ├── content-type@1.0.4
177 silly saveTree │ ├─┬ debug@2.6.9
177 silly saveTree │ │ └── ms@2.0.0
177 silly saveTree │ ├── depd@1.1.2
177 silly saveTree │ ├─┬ http-errors@1.6.3
177 silly saveTree │ │ ├── inherits@2.0.3
177 silly saveTree │ │ ├── setprototypeof@1.1.0
177 silly saveTree │ │ └── statuses@1.5.0
177 silly saveTree │ ├─┬ iconv-lite@0.4.23
177 silly saveTree │ │ └── safer-buffer@2.1.2
177 silly saveTree │ ├─┬ on-finished@2.3.0
177 silly saveTree │ │ └── ee-first@1.1.1
177 silly saveTree │ ├── qs@6.5.2
177 silly saveTree │ ├─┬ raw-body@2.3.3
177 silly saveTree │ │ └── unpipe@1.0.0
177 silly saveTree │ └─┬ type-is@1.6.16
177 silly saveTree │   ├── media-typer@0.3.0
177 silly saveTree │   └─┬ mime-types@2.1.19
177 silly saveTree │     └── mime-db@1.35.0
177 silly saveTree ├── ejs@2.6.1
177 silly saveTree ├─┬ express-session@1.15.6
177 silly saveTree │ ├── cookie-signature@1.0.6
177 silly saveTree │ ├── cookie@0.3.1
177 silly saveTree │ ├── crc@3.4.4
177 silly saveTree │ ├── on-headers@1.0.1
177 silly saveTree │ ├── parseurl@1.3.2
177 silly saveTree │ ├─┬ uid-safe@2.1.5
177 silly saveTree │ │ └── random-bytes@1.0.0
177 silly saveTree │ └── utils-merge@1.0.1
177 silly saveTree ├─┬ express@4.16.3
177 silly saveTree │ ├─┬ accepts@1.3.5
177 silly saveTree │ │ └── negotiator@0.6.1
177 silly saveTree │ ├── array-flatten@1.1.1
177 silly saveTree │ ├─┬ body-parser@1.18.2
177 silly saveTree │ │ ├── iconv-lite@0.4.19
177 silly saveTree │ │ ├── qs@6.5.1
177 silly saveTree │ │ └─┬ raw-body@2.3.2
177 silly saveTree │ │   └─┬ http-errors@1.6.2
177 silly saveTree │ │     ├── depd@1.1.1
177 silly saveTree │ │     ├── setprototypeof@1.0.3
177 silly saveTree │ │     └── statuses@1.4.0
177 silly saveTree │ ├── content-disposition@0.5.2
177 silly saveTree │ ├── encodeurl@1.0.2
177 silly saveTree │ ├── escape-html@1.0.3
177 silly saveTree │ ├── etag@1.8.1
177 silly saveTree │ ├─┬ finalhandler@1.1.1
177 silly saveTree │ │ └── statuses@1.4.0
177 silly saveTree │ ├── fresh@0.5.2
177 silly saveTree │ ├── merge-descriptors@1.0.1
177 silly saveTree │ ├── methods@1.1.2
177 silly saveTree │ ├── path-to-regexp@0.1.7
177 silly saveTree │ ├─┬ proxy-addr@2.0.3
177 silly saveTree │ │ ├── forwarded@0.1.2
177 silly saveTree │ │ └── ipaddr.js@1.6.0
177 silly saveTree │ ├── qs@6.5.1
177 silly saveTree │ ├── range-parser@1.2.0
177 silly saveTree │ ├── safe-buffer@5.1.1
177 silly saveTree │ ├─┬ send@0.16.2
177 silly saveTree │ │ ├── destroy@1.0.4
177 silly saveTree │ │ ├── mime@1.4.1
177 silly saveTree │ │ └── statuses@1.4.0
177 silly saveTree │ ├── serve-static@1.13.2
177 silly saveTree │ ├── statuses@1.4.0
177 silly saveTree │ └── vary@1.1.2
177 silly saveTree └─┬ multer@1.3.1
177 silly saveTree   ├── append-field@0.1.0
177 silly saveTree   ├─┬ busboy@0.2.14
177 silly saveTree   │ ├─┬ dicer@0.2.5
177 silly saveTree   │ │ ├─┬ readable-stream@1.1.14
177 silly saveTree   │ │ │ ├── core-util-is@1.0.2
177 silly saveTree   │ │ │ ├── isarray@0.0.1
177 silly saveTree   │ │ │ └── string_decoder@0.10.31
177 silly saveTree   │ │ └── streamsearch@0.1.2
177 silly saveTree   │ └── readable-stream@1.1.14
177 silly saveTree   ├─┬ concat-stream@1.6.2
177 silly saveTree   │ ├── buffer-from@1.1.0
177 silly saveTree   │ ├─┬ readable-stream@2.3.6
177 silly saveTree   │ │ ├── isarray@1.0.0
177 silly saveTree   │ │ ├── process-nextick-args@2.0.0
177 silly saveTree   │ │ ├── string_decoder@1.1.1
177 silly saveTree   │ │ └── util-deprecate@1.0.2
177 silly saveTree   │ └── typedarray@0.0.6
177 silly saveTree   ├─┬ mkdirp@0.5.1
177 silly saveTree   │ └── minimist@0.0.8
177 silly saveTree   ├── object-assign@3.0.0
177 silly saveTree   └── xtend@4.0.1
178 warn server_side_javascript@1.0.0 No description
179 warn server_side_javascript@1.0.0 No repository field.
180 verbose stack Error: EACCES: permission denied, access '/home/doghoney/server_side_javascript/node_modules/body-parser'
181 verbose cwd /home/doghoney/server_side_javascript
182 verbose Linux 4.13.0-46-generic
183 verbose argv "/usr/bin/node" "/usr/bin/npm" "i" "--save" "express" "ejs" "express-session" "body-parser" "bcrypt-nodejs"
184 verbose node v9.11.2
185 verbose npm  v5.6.0
186 error path /home/doghoney/server_side_javascript/node_modules/body-parser
187 error code EACCES
188 error errno -13
189 error syscall access
190 error Error: EACCES: permission denied, access '/home/doghoney/server_side_javascript/node_modules/body-parser'
190 error  { Error: EACCES: permission denied, access '/home/doghoney/server_side_javascript/node_modules/body-parser'
190 error   stack: 'Error: EACCES: permission denied, access \'/home/doghoney/server_side_javascript/node_modules/body-parser\'',
190 error   errno: -13,
190 error   code: 'EACCES',
190 error   syscall: 'access',
190 error   path: '/home/doghoney/server_side_javascript/node_modules/body-parser' }
191 error Please try running this command again as root/Administrator.
192 verbose exit [ -13, true ]
